[0116/170753.075:ERROR:process_memory_win.cc(73)] ReadMemory at 0x7ff73cac0000 of 64 bytes failed: Only part of a ReadProcessMemory or WriteProcessMemory request was completed. (0x12B)
[0116/170753.075:WARNING:pe_image_reader.cc(340)] could not read dos header from C:\Program Files (x86)\Google\Chrome\Application\chrome.exe
[0116/170753.075:ERROR:process_memory_win.cc(73)] ReadMemory at 0x7ffe5a7b0000 of 64 bytes failed: Only part of a ReadProcessMemory or WriteProcessMemory request was completed. (0x12B)
[0116/170753.075:WARNING:pe_image_reader.cc(340)] could not read dos header from C:\WINDOWS\SYSTEM32\ntdll.dll
[0116/170753.075:ERROR:process_memory_win.cc(73)] ReadMemory at 0x7ffe57e20000 of 64 bytes failed: Only part of a ReadProcessMemory or WriteProcessMemory request was completed. (0x12B)
[0116/170753.075:WARNING:pe_image_reader.cc(340)] could not read dos header from C:\WINDOWS\System32\KERNEL32.DLL
[0116/170753.075:ERROR:process_memory_win.cc(73)] ReadMemory at 0x7ffe57790000 of 64 bytes failed: Only part of a ReadProcessMemory or WriteProcessMemory request was completed. (0x12B)
[0116/170753.075:WARNING:pe_image_reader.cc(340)] could not read dos header from C:\WINDOWS\System32\KERNELBASE.dll
[0116/170753.075:ERROR:process_memory_win.cc(73)] ReadMemory at 0x7ffe3fd10000 of 64 bytes failed: Only part of a ReadProcessMemory or WriteProcessMemory request was completed. (0x12B)
[0116/170753.075:WARNING:pe_image_reader.cc(340)] could not read dos header from C:\Program Files (x86)\Google\Chrome\Application\79.0.3945.117\chrome_elf.dll
[0116/170753.075:ERROR:process_memory_win.cc(73)] ReadMemory at 0x7ffe50ac0000 of 64 bytes failed: Only part of a ReadProcessMemory or WriteProcessMemory request was completed. (0x12B)
[0116/170753.075:WARNING:pe_image_reader.cc(340)] could not read dos header from C:\WINDOWS\SYSTEM32\VERSION.dll
[0116/170753.075:ERROR:process_memory_win.cc(73)] ReadMemory at 0x7ffe57d50000 of 64 bytes failed: Only part of a ReadProcessMemory or WriteProcessMemory request was completed. (0x12B)
[0116/170753.075:WARNING:pe_image_reader.cc(340)] could not read dos header from C:\WINDOWS\System32\msvcrt.dll
[0116/170753.075:ERROR:process_memory_win.cc(73)] ReadMemory at 0x7ffe56a30000 of 64 bytes failed: Only part of a ReadProcessMemory or WriteProcessMemory request was completed. (0x12B)
[0116/170753.075:WARNING:pe_image_reader.cc(340)] could not read dos header from C:\WINDOWS\System32\bcryptPrimitives.dll
[0116/170753.075:ERROR:process_memory_win.cc(73)] ReadMemory at 0x7ffe5a6d0000 of 64 bytes failed: Only part of a ReadProcessMemory or WriteProcessMemory request was completed. (0x12B)
[0116/170753.075:WARNING:pe_image_reader.cc(340)] could not read dos header from C:\WINDOWS\System32\ADVAPI32.dll
[0116/170753.075:ERROR:process_memory_win.cc(73)] ReadMemory at 0x7ffe59700000 of 64 bytes failed: Only part of a ReadProcessMemory or WriteProcessMemory request was completed. (0x12B)
[0116/170753.075:WARNING:pe_image_reader.cc(340)] could not read dos header from C:\WINDOWS\System32\sechost.dll
[0116/170753.075:ERROR:process_memory_win.cc(73)] ReadMemory at 0x7ffe59c20000 of 64 bytes failed: Only part of a ReadProcessMemory or WriteProcessMemory request was completed. (0x12B)
[0116/170753.075:WARNING:pe_image_reader.cc(340)] could not read dos header from C:\WINDOWS\System32\RPCRT4.dll
[0116/170753.075:ERROR:process_memory_win.cc(73)] ReadMemory at 0x7ffe18530000 of 64 bytes failed: Only part of a ReadProcessMemory or WriteProcessMemory request was completed. (0x12B)
[0116/170753.075:WARNING:pe_image_reader.cc(340)] could not read dos header from C:\Program Files (x86)\Google\Chrome\Application\79.0.3945.117\chrome_child.dll
[0116/170753.075:ERROR:process_memory_win.cc(73)] ReadMemory at 0x7ffe57a50000 of 64 bytes failed: Only part of a ReadProcessMemory or WriteProcessMemory request was completed. (0x12B)
[0116/170753.075:WARNING:pe_image_reader.cc(340)] could not read dos header from C:\WINDOWS\System32\OLEAUT32.dll
[0116/170753.075:ERROR:process_memory_win.cc(73)] ReadMemory at 0x7ffe576f0000 of 64 bytes failed: Only part of a ReadProcessMemory or WriteProcessMemory request was completed. (0x12B)
[0116/170753.075:WARNING:pe_image_reader.cc(340)] could not read dos header from C:\WINDOWS\System32\msvcp_win.dll
[0116/170753.075:ERROR:process_memory_win.cc(73)] ReadMemory at 0x7ffe568d0000 of 64 bytes failed: Only part of a ReadProcessMemory or WriteProcessMemory request was completed. (0x12B)
[0116/170753.075:WARNING:pe_image_reader.cc(340)] could not read dos header from C:\WINDOWS\System32\ucrtbase.dll
[0116/170753.075:ERROR:process_memory_win.cc(73)] ReadMemory at 0x7ffe5a020000 of 64 bytes failed: Only part of a ReadProcessMemory or WriteProcessMemory request was completed. (0x12B)
[0116/170753.079:WARNING:pe_image_reader.cc(340)] could not read dos header from C:\WINDOWS\System32\combase.dll
[0116/170753.079:ERROR:process_memory_win.cc(73)] ReadMemory at 0x7ffe5a350000 of 64 bytes failed: Only part of a ReadProcessMemory or WriteProcessMemory request was completed. (0x12B)
[0116/170753.079:WARNING:pe_image_reader.cc(340)] could not read dos header from C:\WINDOWS\System32\WS2_32.dll
[0116/170753.079:ERROR:process_memory_win.cc(73)] ReadMemory at 0x7ffe569d0000 of 64 bytes failed: Only part of a ReadProcessMemory or WriteProcessMemory request was completed. (0x12B)
[0116/170753.079:WARNING:pe_image_reader.cc(340)] could not read dos header from C:\WINDOWS\System32\WINTRUST.dll
[0116/170753.079:ERROR:process_memory_win.cc(73)] ReadMemory at 0x7ffe56830000 of 64 bytes failed: Only part of a ReadProcessMemory or WriteProcessMemory request was completed. (0x12B)
[0116/170753.079:WARNING:pe_image_reader.cc(340)] could not read dos header from C:\WINDOWS\System32\MSASN1.dll
[0116/170753.079:ERROR:process_memory_win.cc(73)] ReadMemory at 0x7ffe56cf0000 of 64 bytes failed: Only part of a ReadProcessMemory or WriteProcessMemory request was completed. (0x12B)
[0116/170753.079:WARNING:pe_image_reader.cc(340)] could not read dos header from C:\WINDOWS\System32\CRYPT32.dll
[0116/170753.079:ERROR:process_memory_win.cc(73)] ReadMemory at 0x7ffe55d90000 of 64 bytes failed: Only part of a ReadProcessMemory or WriteProcessMemory request was completed. (0x12B)
[0116/170753.079:WARNING:pe_image_reader.cc(340)] could not read dos header from C:\WINDOWS\SYSTEM32\IPHLPAPI.DLL
[0116/170753.079:ERROR:process_memory_win.cc(73)] ReadMemory at 0x7ffe54740000 of 64 bytes failed: Only part of a ReadProcessMemory or WriteProcessMemory request was completed. (0x12B)
[0116/170753.079:WARNING:pe_image_reader.cc(340)] could not read dos header from C:\WINDOWS\SYSTEM32\WINMM.dll
[0116/170753.079:ERROR:process_memory_win.cc(73)] ReadMemory at 0x7ffe56730000 of 64 bytes failed: Only part of a ReadProcessMemory or WriteProcessMemory request was completed. (0x12B)
[0116/170753.079:WARNING:pe_image_reader.cc(340)] could not read dos header from C:\WINDOWS\SYSTEM32\USERENV.dll
[0116/170753.079:ERROR:process_memory_win.cc(73)] ReadMemory at 0x7ffe56800000 of 64 bytes failed: Only part of a ReadProcessMemory or WriteProcessMemory request was completed. (0x12B)
[0116/170753.079:WARNING:pe_image_reader.cc(340)] could not read dos header from C:\WINDOWS\System32\profapi.dll
[0116/170753.079:ERROR:process_memory_win.cc(73)] ReadMemory at 0x7ffe49030000 of 64 bytes failed: Only part of a ReadProcessMemory or WriteProcessMemory request was completed. (0x12B)
[0116/170753.079:WARNING:pe_image_reader.cc(340)] could not read dos header from C:\WINDOWS\SYSTEM32\DWrite.dll
[0116/170753.079:ERROR:process_memory_win.cc(73)] ReadMemory at 0x7ffe3ece0000 of 64 bytes failed: Only part of a ReadProcessMemory or WriteProcessMemory request was completed. (0x12B)
[0116/170753.079:WARNING:pe_image_reader.cc(340)] could not read dos header from C:\WINDOWS\SYSTEM32\WINSPOOL.DRV
[0116/170753.079:ERROR:process_memory_win.cc(73)] ReadMemory at 0x7ffe568b0000 of 64 bytes failed: Only part of a ReadProcessMemory or WriteProcessMemory request was completed. (0x12B)
[0116/170753.079:WARNING:pe_image_reader.cc(340)] could not read dos header from C:\WINDOWS\System32\kernel.appcore.dll
[0116/170753.079:ERROR:process_memory_win.cc(73)] ReadMemory at 0x7ffe56cc0000 of 64 bytes failed: Only part of a ReadProcessMemory or WriteProcessMemory request was completed. (0x12B)
[0116/170753.079:WARNING:pe_image_reader.cc(340)] could not read dos header from C:\WINDOWS\System32\bcrypt.dll
[0116/170753.079:ERROR:process_memory_win.cc(73)] ReadMemory at 0x7ffe452f0000 of 64 bytes failed: Only part of a ReadProcessMemory or WriteProcessMemory request was completed. (0x12B)
[0116/170753.079:WARNING:pe_image_reader.cc(340)] could not read dos header from C:\WINDOWS\SYSTEM32\dbghelp.dll
[0116/170753.079:ERROR:process_memory_win.cc(73)] ReadMemory at 0x7ffe43140000 of 64 bytes failed: Only part of a ReadProcessMemory or WriteProcessMemory request was completed. (0x12B)
[0116/170753.079:WARNING:pe_image_reader.cc(340)] could not read dos header from C:\WINDOWS\SYSTEM32\Secur32.dll
[0116/170753.079:ERROR:process_memory_win.cc(73)] ReadMemory at 0x7ffe4e280000 of 64 bytes failed: Only part of a ReadProcessMemory or WriteProcessMemory request was completed. (0x12B)
[0116/170753.079:WARNING:pe_image_reader.cc(340)] could not read dos header from C:\WINDOWS\SYSTEM32\WINHTTP.dll
[0116/170753.079:ERROR:process_memory_win.cc(73)] ReadMemory at 0x7ffe4d960000 of 64 bytes failed: Only part of a ReadProcessMemory or WriteProcessMemory request was completed. (0x12B)
[0116/170753.079:WARNING:pe_image_reader.cc(340)] could not read dos header from C:\WINDOWS\SYSTEM32\dhcpcsvc.DLL
[0116/170753.079:ERROR:process_memory_win.cc(73)] ReadMemory at 0x7ffe5a6c0000 of 64 bytes failed: Only part of a ReadProcessMemory or WriteProcessMemory request was completed. (0x12B)
[0116/170753.079:WARNING:pe_image_reader.cc(340)] could not read dos header from C:\WINDOWS\System32\NSI.dll
[0116/170753.079:ERROR:process_memory_win.cc(73)] ReadMemory at 0x7ffe54710000 of 64 bytes failed: Only part of a ReadProcessMemory or WriteProcessMemory request was completed. (0x12B)
[0116/170753.079:WARNING:pe_image_reader.cc(340)] could not read dos header from C:\WINDOWS\SYSTEM32\WINMMBASE.dll
[0116/170753.079:ERROR:process_memory_win.cc(73)] ReadMemory at 0x7ffe56ad0000 of 64 bytes failed: Only part of a ReadProcessMemory or WriteProcessMemory request was completed. (0x12B)
[0116/170753.079:WARNING:pe_image_reader.cc(340)] could not read dos header from C:\WINDOWS\System32\cfgmgr32.dll
[0116/170753.079:ERROR:process_memory_win.cc(73)] ReadMemory at 0x7ffe543b0000 of 64 bytes failed: Only part of a ReadProcessMemory or WriteProcessMemory request was completed. (0x12B)
[0116/170753.079:WARNING:pe_image_reader.cc(340)] could not read dos header from C:\WINDOWS\SYSTEM32\PROPSYS.dll
[0116/170753.079:ERROR:process_memory_win.cc(73)] ReadMemory at 0x7ffe593f0000 of 64 bytes failed: Only part of a ReadProcessMemory or WriteProcessMemory request was completed. (0x12B)
[0116/170753.079:WARNING:pe_image_reader.cc(340)] could not read dos header from C:\WINDOWS\System32\shcore.dll
[0116/170753.079:ERROR:process_memory_win.cc(73)] ReadMemory at 0x7ffe56700000 of 64 bytes failed: Only part of a ReadProcessMemory or WriteProcessMemory request was completed. (0x12B)
[0116/170753.079:WARNING:pe_image_reader.cc(340)] could not read dos header from C:\WINDOWS\SYSTEM32\SSPICLI.DLL
[0116/170753.079:ERROR:process_memory_win.cc(73)] ReadMemory at 0x7ffe57ef0000 of 64 bytes failed: Only part of a ReadProcessMemory or WriteProcessMemory request was completed. (0x12B)
[0116/170753.079:WARNING:pe_image_reader.cc(340)] could not read dos header from C:\WINDOWS\System32\SHELL32.dll
[0116/170753.079:ERROR:process_memory_win.cc(73)] ReadMemory at 0x7ffe56ef0000 of 64 bytes failed: Only part of a ReadProcessMemory or WriteProcessMemory request was completed. (0x12B)
[0116/170753.079:WARNING:pe_image_reader.cc(340)] could not read dos header from C:\WINDOWS\System32\windows.storage.dll
[0116/170753.079:ERROR:process_memory_win.cc(73)] ReadMemory at 0x7ffe56850000 of 64 bytes failed: Only part of a ReadProcessMemory or WriteProcessMemory request was completed. (0x12B)
[0116/170753.079:WARNING:pe_image_reader.cc(340)] could not read dos header from C:\WINDOWS\System32\powrprof.dll
[0116/170753.079:ERROR:process_memory_win.cc(73)] ReadMemory at 0x7ffe57b50000 of 64 bytes failed: Only part of a ReadProcessMemory or WriteProcessMemory request was completed. (0x12B)
[0116/170753.079:WARNING:pe_image_reader.cc(340)] could not read dos header from C:\WINDOWS\System32\shlwapi.dll
[0116/170753.079:ERROR:process_memory_win.cc(73)] ReadMemory at 0x7ffe57b20000 of 64 bytes failed: Only part of a ReadProcessMemory or WriteProcessMemory request was completed. (0x12B)
[0116/170753.079:WARNING:pe_image_reader.cc(340)] could not read dos header from C:\WINDOWS\System32\GDI32.dll
[0116/170753.083:ERROR:process_memory_win.cc(73)] ReadMemory at 0x7ffe56b20000 of 64 bytes failed: Only part of a ReadProcessMemory or WriteProcessMemory request was completed. (0x12B)
[0116/170753.083:WARNING:pe_image_reader.cc(340)] could not read dos header from C:\WINDOWS\System32\gdi32full.dll
[0116/170753.083:ERROR:process_memory_win.cc(73)] ReadMemory at 0x1c539810000 of 64 bytes failed: Only part of a ReadProcessMemory or WriteProcessMemory request was completed. (0x12B)
[0116/170753.083:WARNING:pe_image_reader.cc(340)] could not read dos header from C:\WINDOWS\System32\USER32.dll
[0116/170753.083:ERROR:process_memory_win.cc(73)] ReadMemory at 0x7ffe56ab0000 of 64 bytes failed: Only part of a ReadProcessMemory or WriteProcessMemory request was completed. (0x12B)
[0116/170753.083:WARNING:pe_image_reader.cc(340)] could not read dos header from C:\WINDOWS\System32\win32u.dll
[0116/170753.083:ERROR:process_memory_win.cc(73)] ReadMemory at 0x7ffe56ed0000 of 64 bytes failed: Only part of a ReadProcessMemory or WriteProcessMemory request was completed. (0x12B)
[0116/170753.083:WARNING:pe_image_reader.cc(340)] could not read dos header from C:\WINDOWS\System32\cryptsp.dll
[0116/170753.083:ERROR:process_memory_win.cc(73)] ReadMemory at 0x7ffe57df0000 of 64 bytes failed: Only part of a ReadProcessMemory or WriteProcessMemory request was completed. (0x12B)
[0116/170753.083:WARNING:pe_image_reader.cc(340)] could not read dos header from C:\WINDOWS\System32\IMM32.DLL
[0116/170753.083:ERROR:process_memory_win.cc(73)] ReadMemory at 0x7ffe56240000 of 64 bytes failed: Only part of a ReadProcessMemory or WriteProcessMemory request was completed. (0x12B)
[0116/170753.083:WARNING:pe_image_reader.cc(340)] could not read dos header from C:\WINDOWS\SYSTEM32\CRYPTBASE.DLL
[0116/170753.083:ERROR:process_memory_win.cc(73)] ReadMemory at 0x7ff73cac0000 of 64 bytes failed: Only part of a ReadProcessMemory or WriteProcessMemory request was completed. (0x12B)
[0116/170753.083:WARNING:pe_image_reader.cc(340)] could not read dos header from C:\Program Files (x86)\Google\Chrome\Application\chrome.exe
[0116/170753.083:ERROR:process_memory_win.cc(73)] ReadMemory at 0x7ffe5a7b0000 of 64 bytes failed: Only part of a ReadProcessMemory or WriteProcessMemory request was completed. (0x12B)
[0116/170753.083:WARNING:pe_image_reader.cc(340)] could not read dos header from C:\WINDOWS\SYSTEM32\ntdll.dll
[0116/170753.083:ERROR:process_memory_win.cc(73)] ReadMemory at 0x7ffe57e20000 of 64 bytes failed: Only part of a ReadProcessMemory or WriteProcessMemory request was completed. (0x12B)
[0116/170753.083:WARNING:pe_image_reader.cc(340)] could not read dos header from C:\WINDOWS\System32\KERNEL32.DLL
[0116/170753.083:ERROR:process_memory_win.cc(73)] ReadMemory at 0x7ffe57790000 of 64 bytes failed: Only part of a ReadProcessMemory or WriteProcessMemory request was completed. (0x12B)
[0116/170753.083:WARNING:pe_image_reader.cc(340)] could not read dos header from C:\WINDOWS\System32\KERNELBASE.dll
[0116/170753.083:ERROR:process_memory_win.cc(73)] ReadMemory at 0x7ffe3fd10000 of 64 bytes failed: Only part of a ReadProcessMemory or WriteProcessMemory request was completed. (0x12B)
[0116/170753.083:WARNING:pe_image_reader.cc(340)] could not read dos header from C:\Program Files (x86)\Google\Chrome\Application\79.0.3945.117\chrome_elf.dll
[0116/170753.083:ERROR:process_memory_win.cc(73)] ReadMemory at 0x7ffe50ac0000 of 64 bytes failed: Only part of a ReadProcessMemory or WriteProcessMemory request was completed. (0x12B)
[0116/170753.083:WARNING:pe_image_reader.cc(340)] could not read dos header from C:\WINDOWS\SYSTEM32\VERSION.dll
[0116/170753.083:ERROR:process_memory_win.cc(73)] ReadMemory at 0x7ffe57d50000 of 64 bytes failed: Only part of a ReadProcessMemory or WriteProcessMemory request was completed. (0x12B)
[0116/170753.083:WARNING:pe_image_reader.cc(340)] could not read dos header from C:\WINDOWS\System32\msvcrt.dll
[0116/170753.083:ERROR:process_memory_win.cc(73)] ReadMemory at 0x7ffe56a30000 of 64 bytes failed: Only part of a ReadProcessMemory or WriteProcessMemory request was completed. (0x12B)
[0116/170753.083:WARNING:pe_image_reader.cc(340)] could not read dos header from C:\WINDOWS\System32\bcryptPrimitives.dll
[0116/170753.083:ERROR:process_memory_win.cc(73)] ReadMemory at 0x7ffe5a6d0000 of 64 bytes failed: Only part of a ReadProcessMemory or WriteProcessMemory request was completed. (0x12B)
[0116/170753.083:WARNING:pe_image_reader.cc(340)] could not read dos header from C:\WINDOWS\System32\ADVAPI32.dll
[0116/170753.083:ERROR:process_memory_win.cc(73)] ReadMemory at 0x7ffe59700000 of 64 bytes failed: Only part of a ReadProcessMemory or WriteProcessMemory request was completed. (0x12B)
[0116/170753.083:WARNING:pe_image_reader.cc(340)] could not read dos header from C:\WINDOWS\System32\sechost.dll
[0116/170753.083:ERROR:process_memory_win.cc(73)] ReadMemory at 0x7ffe59c20000 of 64 bytes failed: Only part of a ReadProcessMemory or WriteProcessMemory request was completed. (0x12B)
[0116/170753.083:WARNING:pe_image_reader.cc(340)] could not read dos header from C:\WINDOWS\System32\RPCRT4.dll
[0116/170753.083:ERROR:process_memory_win.cc(73)] ReadMemory at 0x7ffe18530000 of 64 bytes failed: Only part of a ReadProcessMemory or WriteProcessMemory request was completed. (0x12B)
[0116/170753.083:WARNING:pe_image_reader.cc(340)] could not read dos header from C:\Program Files (x86)\Google\Chrome\Application\79.0.3945.117\chrome_child.dll
[0116/170753.083:ERROR:process_memory_win.cc(73)] ReadMemory at 0x7ffe57a50000 of 64 bytes failed: Only part of a ReadProcessMemory or WriteProcessMemory request was completed. (0x12B)
[0116/170753.083:WARNING:pe_image_reader.cc(340)] could not read dos header from C:\WINDOWS\System32\OLEAUT32.dll
[0116/170753.083:ERROR:process_memory_win.cc(73)] ReadMemory at 0x7ffe576f0000 of 64 bytes failed: Only part of a ReadProcessMemory or WriteProcessMemory request was completed. (0x12B)
[0116/170753.083:WARNING:pe_image_reader.cc(340)] could not read dos header from C:\WINDOWS\System32\msvcp_win.dll
[0116/170753.083:ERROR:process_memory_win.cc(73)] ReadMemory at 0x7ffe568d0000 of 64 bytes failed: Only part of a ReadProcessMemory or WriteProcessMemory request was completed. (0x12B)
[0116/170753.083:WARNING:pe_image_reader.cc(340)] could not read dos header from C:\WINDOWS\System32\ucrtbase.dll
[0116/170753.083:ERROR:process_memory_win.cc(73)] ReadMemory at 0x7ffe5a020000 of 64 bytes failed: Only part of a ReadProcessMemory or WriteProcessMemory request was completed. (0x12B)
[0116/170753.083:WARNING:pe_image_reader.cc(340)] could not read dos header from C:\WINDOWS\System32\combase.dll
[0116/170753.083:ERROR:process_memory_win.cc(73)] ReadMemory at 0x7ffe5a350000 of 64 bytes failed: Only part of a ReadProcessMemory or WriteProcessMemory request was completed. (0x12B)
[0116/170753.083:WARNING:pe_image_reader.cc(340)] could not read dos header from C:\WINDOWS\System32\WS2_32.dll
[0116/170753.083:ERROR:process_memory_win.cc(73)] ReadMemory at 0x7ffe569d0000 of 64 bytes failed: Only part of a ReadProcessMemory or WriteProcessMemory request was completed. (0x12B)
[0116/170753.083:WARNING:pe_image_reader.cc(340)] could not read dos header from C:\WINDOWS\System32\WINTRUST.dll
[0116/170753.083:ERROR:process_memory_win.cc(73)] ReadMemory at 0x7ffe56830000 of 64 bytes failed: Only part of a ReadProcessMemory or WriteProcessMemory request was completed. (0x12B)
[0116/170753.083:WARNING:pe_image_reader.cc(340)] could not read dos header from C:\WINDOWS\System32\MSASN1.dll
[0116/170753.083:ERROR:process_memory_win.cc(73)] ReadMemory at 0x7ffe56cf0000 of 64 bytes failed: Only part of a ReadProcessMemory or WriteProcessMemory request was completed. (0x12B)
[0116/170753.083:WARNING:pe_image_reader.cc(340)] could not read dos header from C:\WINDOWS\System32\CRYPT32.dll
[0116/170753.083:ERROR:process_memory_win.cc(73)] ReadMemory at 0x7ffe55d90000 of 64 bytes failed: Only part of a ReadProcessMemory or WriteProcessMemory request was completed. (0x12B)
[0116/170753.083:WARNING:pe_image_reader.cc(340)] could not read dos header from C:\WINDOWS\SYSTEM32\IPHLPAPI.DLL
[0116/170753.083:ERROR:process_memory_win.cc(73)] ReadMemory at 0x7ffe54740000 of 64 bytes failed: Only part of a ReadProcessMemory or WriteProcessMemory request was completed. (0x12B)
[0116/170753.083:WARNING:pe_image_reader.cc(340)] could not read dos header from C:\WINDOWS\SYSTEM32\WINMM.dll
[0116/170753.083:ERROR:process_memory_win.cc(73)] ReadMemory at 0x7ffe56730000 of 64 bytes failed: Only part of a ReadProcessMemory or WriteProcessMemory request was completed. (0x12B)
[0116/170753.083:WARNING:pe_image_reader.cc(340)] could not read dos header from C:\WINDOWS\SYSTEM32\USERENV.dll
[0116/170753.083:ERROR:process_memory_win.cc(73)] ReadMemory at 0x7ffe56800000 of 64 bytes failed: Only part of a ReadProcessMemory or WriteProcessMemory request was completed. (0x12B)
[0116/170753.083:WARNING:pe_image_reader.cc(340)] could not read dos header from C:\WINDOWS\System32\profapi.dll
[0116/170753.083:ERROR:process_memory_win.cc(73)] ReadMemory at 0x7ffe49030000 of 64 bytes failed: Only part of a ReadProcessMemory or WriteProcessMemory request was completed. (0x12B)
[0116/170753.083:WARNING:pe_image_reader.cc(340)] could not read dos header from C:\WINDOWS\SYSTEM32\DWrite.dll
[0116/170753.083:ERROR:process_memory_win.cc(73)] ReadMemory at 0x7ffe3ece0000 of 64 bytes failed: Only part of a ReadProcessMemory or WriteProcessMemory request was completed. (0x12B)
[0116/170753.083:WARNING:pe_image_reader.cc(340)] could not read dos header from C:\WINDOWS\SYSTEM32\WINSPOOL.DRV
[0116/170753.083:ERROR:process_memory_win.cc(73)] ReadMemory at 0x7ffe568b0000 of 64 bytes failed: Only part of a ReadProcessMemory or WriteProcessMemory request was completed. (0x12B)
[0116/170753.083:WARNING:pe_image_reader.cc(340)] could not read dos header from C:\WINDOWS\System32\kernel.appcore.dll
[0116/170753.083:ERROR:process_memory_win.cc(73)] ReadMemory at 0x7ffe56cc0000 of 64 bytes failed: Only part of a ReadProcessMemory or WriteProcessMemory request was completed. (0x12B)
[0116/170753.083:WARNING:pe_image_reader.cc(340)] could not read dos header from C:\WINDOWS\System32\bcrypt.dll
[0116/170753.083:ERROR:process_memory_win.cc(73)] ReadMemory at 0x7ffe452f0000 of 64 bytes failed: Only part of a ReadProcessMemory or WriteProcessMemory request was completed. (0x12B)
[0116/170753.083:WARNING:pe_image_reader.cc(340)] could not read dos header from C:\WINDOWS\SYSTEM32\dbghelp.dll
[0116/170753.083:ERROR:process_memory_win.cc(73)] ReadMemory at 0x7ffe43140000 of 64 bytes failed: Only part of a ReadProcessMemory or WriteProcessMemory request was completed. (0x12B)
[0116/170753.083:WARNING:pe_image_reader.cc(340)] could not read dos header from C:\WINDOWS\SYSTEM32\Secur32.dll
[0116/170753.083:ERROR:process_memory_win.cc(73)] ReadMemory at 0x7ffe4e280000 of 64 bytes failed: Only part of a ReadProcessMemory or WriteProcessMemory request was completed. (0x12B)
[0116/170753.083:WARNING:pe_image_reader.cc(340)] could not read dos header from C:\WINDOWS\SYSTEM32\WINHTTP.dll
[0116/170753.083:ERROR:process_memory_win.cc(73)] ReadMemory at 0x7ffe4d960000 of 64 bytes failed: Only part of a ReadProcessMemory or WriteProcessMemory request was completed. (0x12B)
[0116/170753.083:WARNING:pe_image_reader.cc(340)] could not read dos header from C:\WINDOWS\SYSTEM32\dhcpcsvc.DLL
[0116/170753.083:ERROR:process_memory_win.cc(73)] ReadMemory at 0x7ffe5a6c0000 of 64 bytes failed: Only part of a ReadProcessMemory or WriteProcessMemory request was completed. (0x12B)
[0116/170753.083:WARNING:pe_image_reader.cc(340)] could not read dos header from C:\WINDOWS\System32\NSI.dll
[0116/170753.083:ERROR:process_memory_win.cc(73)] ReadMemory at 0x7ffe54710000 of 64 bytes failed: Only part of a ReadProcessMemory or WriteProcessMemory request was completed. (0x12B)
[0116/170753.083:WARNING:pe_image_reader.cc(340)] could not read dos header from C:\WINDOWS\SYSTEM32\WINMMBASE.dll
[0116/170753.087:ERROR:process_memory_win.cc(73)] ReadMemory at 0x7ffe56ad0000 of 64 bytes failed: Only part of a ReadProcessMemory or WriteProcessMemory request was completed. (0x12B)
[0116/170753.087:WARNING:pe_image_reader.cc(340)] could not read dos header from C:\WINDOWS\System32\cfgmgr32.dll
[0116/170753.087:ERROR:process_memory_win.cc(73)] ReadMemory at 0x7ffe543b0000 of 64 bytes failed: Only part of a ReadProcessMemory or WriteProcessMemory request was completed. (0x12B)
[0116/170753.087:WARNING:pe_image_reader.cc(340)] could not read dos header from C:\WINDOWS\SYSTEM32\PROPSYS.dll
[0116/170753.087:ERROR:process_memory_win.cc(73)] ReadMemory at 0x7ffe593f0000 of 64 bytes failed: Only part of a ReadProcessMemory or WriteProcessMemory request was completed. (0x12B)
[0116/170753.087:WARNING:pe_image_reader.cc(340)] could not read dos header from C:\WINDOWS\System32\shcore.dll
[0116/170753.087:ERROR:process_memory_win.cc(73)] ReadMemory at 0x7ffe56700000 of 64 bytes failed: Only part of a ReadProcessMemory or WriteProcessMemory request was completed. (0x12B)
[0116/170753.087:WARNING:pe_image_reader.cc(340)] could not read dos header from C:\WINDOWS\SYSTEM32\SSPICLI.DLL
[0116/170753.087:ERROR:process_memory_win.cc(73)] ReadMemory at 0x7ffe57ef0000 of 64 bytes failed: Only part of a ReadProcessMemory or WriteProcessMemory request was completed. (0x12B)
[0116/170753.087:WARNING:pe_image_reader.cc(340)] could not read dos header from C:\WINDOWS\System32\SHELL32.dll
[0116/170753.087:ERROR:process_memory_win.cc(73)] ReadMemory at 0x7ffe56ef0000 of 64 bytes failed: Only part of a ReadProcessMemory or WriteProcessMemory request was completed. (0x12B)
[0116/170753.087:WARNING:pe_image_reader.cc(340)] could not read dos header from C:\WINDOWS\System32\windows.storage.dll
[0116/170753.087:ERROR:process_memory_win.cc(73)] ReadMemory at 0x7ffe56850000 of 64 bytes failed: Only part of a ReadProcessMemory or WriteProcessMemory request was completed. (0x12B)
[0116/170753.087:WARNING:pe_image_reader.cc(340)] could not read dos header from C:\WINDOWS\System32\powrprof.dll
[0116/170753.087:ERROR:process_memory_win.cc(73)] ReadMemory at 0x7ffe57b50000 of 64 bytes failed: Only part of a ReadProcessMemory or WriteProcessMemory request was completed. (0x12B)
[0116/170753.087:WARNING:pe_image_reader.cc(340)] could not read dos header from C:\WINDOWS\System32\shlwapi.dll
[0116/170753.087:ERROR:process_memory_win.cc(73)] ReadMemory at 0x7ffe57b20000 of 64 bytes failed: Only part of a ReadProcessMemory or WriteProcessMemory request was completed. (0x12B)
[0116/170753.087:WARNING:pe_image_reader.cc(340)] could not read dos header from C:\WINDOWS\System32\GDI32.dll
[0116/170753.087:ERROR:process_memory_win.cc(73)] ReadMemory at 0x7ffe56b20000 of 64 bytes failed: Only part of a ReadProcessMemory or WriteProcessMemory request was completed. (0x12B)
[0116/170753.087:WARNING:pe_image_reader.cc(340)] could not read dos header from C:\WINDOWS\System32\gdi32full.dll
[0116/170753.087:ERROR:process_memory_win.cc(73)] ReadMemory at 0x1c539810000 of 64 bytes failed: Only part of a ReadProcessMemory or WriteProcessMemory request was completed. (0x12B)
[0116/170753.087:WARNING:pe_image_reader.cc(340)] could not read dos header from C:\WINDOWS\System32\USER32.dll
[0116/170753.087:ERROR:process_memory_win.cc(73)] ReadMemory at 0x7ffe56ab0000 of 64 bytes failed: Only part of a ReadProcessMemory or WriteProcessMemory request was completed. (0x12B)
[0116/170753.087:WARNING:pe_image_reader.cc(340)] could not read dos header from C:\WINDOWS\System32\win32u.dll
[0116/170753.087:ERROR:process_memory_win.cc(73)] ReadMemory at 0x7ffe56ed0000 of 64 bytes failed: Only part of a ReadProcessMemory or WriteProcessMemory request was completed. (0x12B)
[0116/170753.087:WARNING:pe_image_reader.cc(340)] could not read dos header from C:\WINDOWS\System32\cryptsp.dll
[0116/170753.087:ERROR:process_memory_win.cc(73)] ReadMemory at 0x7ffe57df0000 of 64 bytes failed: Only part of a ReadProcessMemory or WriteProcessMemory request was completed. (0x12B)
[0116/170753.087:WARNING:pe_image_reader.cc(340)] could not read dos header from C:\WINDOWS\System32\IMM32.DLL
[0116/170753.087:ERROR:process_memory_win.cc(73)] ReadMemory at 0x7ffe56240000 of 64 bytes failed: Only part of a ReadProcessMemory or WriteProcessMemory request was completed. (0x12B)
[0116/170753.087:WARNING:pe_image_reader.cc(340)] could not read dos header from C:\WINDOWS\SYSTEM32\CRYPTBASE.DLL
[0116/170753.103:ERROR:process_memory_win.cc(73)] ReadMemory at 0xc37b3f7000 of 36864 bytes failed: Only part of a ReadProcessMemory or WriteProcessMemory request was completed. (0x12B)
[0116/170753.103:ERROR:process_memory_win.cc(73)] ReadMemory at 0xc37bbfd000 of 12288 bytes failed: Only part of a ReadProcessMemory or WriteProcessMemory request was completed. (0x12B)
[0116/170753.103:ERROR:process_memory_win.cc(73)] ReadMemory at 0xc37c3f9000 of 28672 bytes failed: Only part of a ReadProcessMemory or WriteProcessMemory request was completed. (0x12B)
[0116/170753.103:ERROR:process_memory_win.cc(73)] ReadMemory at 0xc37cbfd000 of 12288 bytes failed: Only part of a ReadProcessMemory or WriteProcessMemory request was completed. (0x12B)
[0116/170753.103:ERROR:process_memory_win.cc(73)] ReadMemory at 0xc37d3fc000 of 16384 bytes failed: Only part of a ReadProcessMemory or WriteProcessMemory request was completed. (0x12B)
[0116/170753.103:ERROR:process_memory_win.cc(73)] ReadMemory at 0xc37dbff000 of 4096 bytes failed: Only part of a ReadProcessMemory or WriteProcessMemory request was completed. (0x12B)
[0116/170753.103:ERROR:process_memory_win.cc(73)] ReadMemory at 0xc37e3fd000 of 12288 bytes failed: Only part of a ReadProcessMemory or WriteProcessMemory request was completed. (0x12B)
[0116/170753.103:ERROR:process_memory_win.cc(73)] ReadMemory at 0xc37ebfb000 of 20480 bytes failed: Only part of a ReadProcessMemory or WriteProcessMemory request was completed. (0x12B)
[0116/170753.103:ERROR:process_memory_win.cc(73)] ReadMemory at 0xc37f3fd000 of 12288 bytes failed: Only part of a ReadProcessMemory or WriteProcessMemory request was completed. (0x12B)
[0116/170753.107:ERROR:process_memory_win.cc(73)] ReadMemory at 0xc37fbfd000 of 12288 bytes failed: Only part of a ReadProcessMemory or WriteProcessMemory request was completed. (0x12B)
[0116/170753.107:ERROR:process_memory_win.cc(73)] ReadMemory at 0xc3007fd000 of 12288 bytes failed: Only part of a ReadProcessMemory or WriteProcessMemory request was completed. (0x12B)
[0116/170753.107:ERROR:process_memory_win.cc(73)] ReadMemory at 0xc300ffd000 of 12288 bytes failed: Only part of a ReadProcessMemory or WriteProcessMemory request was completed. (0x12B)
[0116/170753.107:ERROR:process_memory_win.cc(73)] ReadMemory at 0xc3017fd000 of 12288 bytes failed: Only part of a ReadProcessMemory or WriteProcessMemory request was completed. (0x12B)
[0116/170753.107:ERROR:process_memory_win.cc(73)] ReadMemory at 0xc301fff000 of 4096 bytes failed: Only part of a ReadProcessMemory or WriteProcessMemory request was completed. (0x12B)
[0116/170753.107:ERROR:process_memory_win.cc(73)] ReadMemory at 0xc37ab2b000 of 852 bytes failed: Only part of a ReadProcessMemory or WriteProcessMemory request was completed. (0x12B)
[0116/170753.107:ERROR:process_memory_win.cc(73)] ReadMemory at 0xc37ab2c000 of 6024 bytes failed: Only part of a ReadProcessMemory or WriteProcessMemory request was completed. (0x12B)
[0116/170753.107:ERROR:process_memory_win.cc(73)] ReadMemory at 0xc37ab2e000 of 6024 bytes failed: Only part of a ReadProcessMemory or WriteProcessMemory request was completed. (0x12B)
[0116/170753.107:ERROR:process_memory_win.cc(73)] ReadMemory at 0xc37ab30000 of 6024 bytes failed: Only part of a ReadProcessMemory or WriteProcessMemory request was completed. (0x12B)
[0116/170753.107:ERROR:process_memory_win.cc(73)] ReadMemory at 0xc37ab32000 of 6024 bytes failed: Only part of a ReadProcessMemory or WriteProcessMemory request was completed. (0x12B)
[0116/170753.107:ERROR:process_memory_win.cc(73)] ReadMemory at 0xc37ab34000 of 6024 bytes failed: Only part of a ReadProcessMemory or WriteProcessMemory request was completed. (0x12B)
[0116/170753.107:ERROR:process_memory_win.cc(73)] ReadMemory at 0xc37ab36000 of 6024 bytes failed: Only part of a ReadProcessMemory or WriteProcessMemory request was completed. (0x12B)
[0116/170753.107:ERROR:process_memory_win.cc(73)] ReadMemory at 0xc37ab38000 of 6024 bytes failed: Only part of a ReadProcessMemory or WriteProcessMemory request was completed. (0x12B)
[0116/170753.107:ERROR:process_memory_win.cc(73)] ReadMemory at 0xc37ab3a000 of 6024 bytes failed: Only part of a ReadProcessMemory or WriteProcessMemory request was completed. (0x12B)
[0116/170753.107:ERROR:process_memory_win.cc(73)] ReadMemory at 0xc37ab3c000 of 6024 bytes failed: Only part of a ReadProcessMemory or WriteProcessMemory request was completed. (0x12B)
[0116/170753.107:ERROR:process_memory_win.cc(73)] ReadMemory at 0xc37ab3e000 of 6024 bytes failed: Only part of a ReadProcessMemory or WriteProcessMemory request was completed. (0x12B)
[0116/170753.107:ERROR:process_memory_win.cc(73)] ReadMemory at 0xc37ab40000 of 6024 bytes failed: Only part of a ReadProcessMemory or WriteProcessMemory request was completed. (0x12B)
[0116/170753.107:ERROR:process_memory_win.cc(73)] ReadMemory at 0xc37ab42000 of 6024 bytes failed: Only part of a ReadProcessMemory or WriteProcessMemory request was completed. (0x12B)
[0116/170753.107:ERROR:process_memory_win.cc(73)] ReadMemory at 0xc37ab44000 of 6024 bytes failed: Only part of a ReadProcessMemory or WriteProcessMemory request was completed. (0x12B)
[0116/170753.107:ERROR:process_memory_win.cc(73)] ReadMemory at 0xc37ab46000 of 6024 bytes failed: Only part of a ReadProcessMemory or WriteProcessMemory request was completed. (0x12B)
[0116/170753.107:ERROR:process_memory_win.cc(73)] ReadMemory at 0x1c537bd0c40 of 800 bytes failed: Only part of a ReadProcessMemory or WriteProcessMemory request was completed. (0x12B)
[0116/170753.107:ERROR:process_memory_win.cc(73)] ReadMemory at 0x1c537c10fe0 of 4798 bytes failed: Only part of a ReadProcessMemory or WriteProcessMemory request was completed. (0x12B)
[0116/170753.107:ERROR:process_memory_win.cc(73)] ReadMemory at 0x1c537c122b0 of 1012 bytes failed: Only part of a ReadProcessMemory or WriteProcessMemory request was completed. (0x12B)
[0116/170753.107:ERROR:process_memory_win.cc(73)] ReadMemory at 0x1c537c128d8 of 118 bytes failed: Only part of a ReadProcessMemory or WriteProcessMemory request was completed. (0x12B)
[0116/170753.107:ERROR:process_memory_win.cc(73)] ReadMemory at 0x1c537c12950 of 1322 bytes failed: Only part of a ReadProcessMemory or WriteProcessMemory request was completed. (0x12B)
[0116/170753.111:ERROR:process_memory_win.cc(73)] ReadMemory at 0x1c537c12e7c of 118 bytes failed: Only part of a ReadProcessMemory or WriteProcessMemory request was completed. (0x12B)
[0116/170753.111:ERROR:process_memory_win.cc(73)] ReadMemory at 0x1c537c12ef4 of 100 bytes failed: Only part of a ReadProcessMemory or WriteProcessMemory request was completed. (0x12B)
[0116/170753.111:ERROR:process_memory_win.cc(73)] ReadMemory at 0x1c537c12f70 of 58 bytes failed: Only part of a ReadProcessMemory or WriteProcessMemory request was completed. (0x12B)
[0116/170753.111:ERROR:process_memory_win.cc(73)] ReadMemory at 0x1c537c13070 of 132 bytes failed: Only part of a ReadProcessMemory or WriteProcessMemory request was completed. (0x12B)
[0116/170753.111:ERROR:process_memory_win.cc(73)] ReadMemory at 0x1c537c13200 of 132 bytes failed: Only part of a ReadProcessMemory or WriteProcessMemory request was completed. (0x12B)
[0116/170753.111:ERROR:process_memory_win.cc(73)] ReadMemory at 0x1c537c133c0 of 126 bytes failed: Only part of a ReadProcessMemory or WriteProcessMemory request was completed. (0x12B)
[0116/170753.111:ERROR:process_memory_win.cc(73)] ReadMemory at 0x1c537c137a0 of 132 bytes failed: Only part of a ReadProcessMemory or WriteProcessMemory request was completed. (0x12B)
[0116/170753.111:ERROR:process_memory_win.cc(73)] ReadMemory at 0x1c537c13930 of 64 bytes failed: Only part of a ReadProcessMemory or WriteProcessMemory request was completed. (0x12B)
[0116/170753.111:ERROR:process_memory_win.cc(73)] ReadMemory at 0x1c537c13980 of 132 bytes failed: Only part of a ReadProcessMemory or WriteProcessMemory request was completed. (0x12B)
[0116/170753.111:ERROR:process_memory_win.cc(73)] ReadMemory at 0x1c537c13af0 of 132 bytes failed: Only part of a ReadProcessMemory or WriteProcessMemory request was completed. (0x12B)
[0116/170753.111:ERROR:process_memory_win.cc(73)] ReadMemory at 0x1c537c13d90 of 132 bytes failed: Only part of a ReadProcessMemory or WriteProcessMemory request was completed. (0x12B)
[0116/170753.111:ERROR:process_memory_win.cc(73)] ReadMemory at 0x1c537c13f20 of 68 bytes failed: Only part of a ReadProcessMemory or WriteProcessMemory request was completed. (0x12B)
[0116/170753.111:ERROR:process_memory_win.cc(73)] ReadMemory at 0x1c537c14fb0 of 132 bytes failed: Only part of a ReadProcessMemory or WriteProcessMemory request was completed. (0x12B)
[0116/170753.111:ERROR:process_memory_win.cc(73)] ReadMemory at 0x1c537c15140 of 154 bytes failed: Only part of a ReadProcessMemory or WriteProcessMemory request was completed. (0x12B)
[0116/170753.111:ERROR:process_memory_win.cc(73)] ReadMemory at 0x1c537c15d00 of 132 bytes failed: Only part of a ReadProcessMemory or WriteProcessMemory request was completed. (0x12B)
[0116/170753.111:ERROR:process_memory_win.cc(73)] ReadMemory at 0x1c537c15fb0 of 62 bytes failed: Only part of a ReadProcessMemory or WriteProcessMemory request was completed. (0x12B)
[0116/170753.111:ERROR:process_memory_win.cc(73)] ReadMemory at 0x1c537c16000 of 132 bytes failed: Only part of a ReadProcessMemory or WriteProcessMemory request was completed. (0x12B)
[0116/170753.111:ERROR:process_memory_win.cc(73)] ReadMemory at 0x1c537c161a0 of 132 bytes failed: Only part of a ReadProcessMemory or WriteProcessMemory request was completed. (0x12B)
[0116/170753.111:ERROR:process_memory_win.cc(73)] ReadMemory at 0x1c537c162d0 of 60 bytes failed: Only part of a ReadProcessMemory or WriteProcessMemory request was completed. (0x12B)
[0116/170753.111:ERROR:process_memory_win.cc(73)] ReadMemory at 0x1c537c19ff0 of 158 bytes failed: Only part of a ReadProcessMemory or WriteProcessMemory request was completed. (0x12B)
[0116/170753.111:ERROR:process_memory_win.cc(73)] ReadMemory at 0x1c537c1b200 of 132 bytes failed: Only part of a ReadProcessMemory or WriteProcessMemory request was completed. (0x12B)
[0116/170753.111:ERROR:process_memory_win.cc(73)] ReadMemory at 0x1c537c1b390 of 80 bytes failed: Only part of a ReadProcessMemory or WriteProcessMemory request was completed. (0x12B)
[0116/170753.111:ERROR:process_memory_win.cc(73)] ReadMemory at 0x1c537c1b550 of 66 bytes failed: Only part of a ReadProcessMemory or WriteProcessMemory request was completed. (0x12B)
[0116/170753.111:ERROR:process_memory_win.cc(73)] ReadMemory at 0x1c537c1b5a0 of 64 bytes failed: Only part of a ReadProcessMemory or WriteProcessMemory request was completed. (0x12B)
[0116/170753.111:ERROR:process_memory_win.cc(73)] ReadMemory at 0x1c537c1b730 of 64 bytes failed: Only part of a ReadProcessMemory or WriteProcessMemory request was completed. (0x12B)
[0116/170753.111:ERROR:process_memory_win.cc(73)] ReadMemory at 0x1c537c1b780 of 62 bytes failed: Only part of a ReadProcessMemory or WriteProcessMemory request was completed. (0x12B)
[0116/170753.111:ERROR:process_memory_win.cc(73)] ReadMemory at 0x1c537c1b7d0 of 62 bytes failed: Only part of a ReadProcessMemory or WriteProcessMemory request was completed. (0x12B)
[0116/170753.115:ERROR:process_memory_win.cc(73)] ReadMemory at 0x1c537c1b820 of 60 bytes failed: Only part of a ReadProcessMemory or WriteProcessMemory request was completed. (0x12B)
[0116/170753.115:ERROR:process_memory_win.cc(73)] ReadMemory at 0x1c537c1b8c0 of 64 bytes failed: Only part of a ReadProcessMemory or WriteProcessMemory request was completed. (0x12B)
[0116/170753.115:ERROR:process_memory_win.cc(73)] ReadMemory at 0x1c537c1b960 of 60 bytes failed: Only part of a ReadProcessMemory or WriteProcessMemory request was completed. (0x12B)
[0116/170753.115:ERROR:process_memory_win.cc(73)] ReadMemory at 0x1c537c1ba00 of 64 bytes failed: Only part of a ReadProcessMemory or WriteProcessMemory request was completed. (0x12B)
[0116/170753.115:ERROR:process_memory_win.cc(73)] ReadMemory at 0x1c537c1bcc0 of 132 bytes failed: Only part of a ReadProcessMemory or WriteProcessMemory request was completed. (0x12B)
[0116/170753.115:ERROR:process_memory_win.cc(73)] ReadMemory at 0x1c537c1bf20 of 132 bytes failed: Only part of a ReadProcessMemory or WriteProcessMemory request was completed. (0x12B)
[0116/170753.115:ERROR:process_memory_win.cc(73)] ReadMemory at 0x1c537c1c050 of 132 bytes failed: Only part of a ReadProcessMemory or WriteProcessMemory request was completed. (0x12B)
[0116/170753.115:ERROR:process_memory_win.cc(73)] ReadMemory at 0x1c537c1c180 of 132 bytes failed: Only part of a ReadProcessMemory or WriteProcessMemory request was completed. (0x12B)
[0116/170753.115:ERROR:process_memory_win.cc(73)] ReadMemory at 0x1c537c1c2b0 of 132 bytes failed: Only part of a ReadProcessMemory or WriteProcessMemory request was completed. (0x12B)
[0116/170753.115:ERROR:process_memory_win.cc(73)] ReadMemory at 0x1c537c1c3e0 of 132 bytes failed: Only part of a ReadProcessMemory or WriteProcessMemory request was completed. (0x12B)
[0116/170753.115:ERROR:process_memory_win.cc(73)] ReadMemory at 0x1c537c1c510 of 132 bytes failed: Only part of a ReadProcessMemory or WriteProcessMemory request was completed. (0x12B)
[0116/170753.115:ERROR:process_memory_win.cc(73)] ReadMemory at 0x1c537c1c640 of 132 bytes failed: Only part of a ReadProcessMemory or WriteProcessMemory request was completed. (0x12B)
[0116/170753.115:ERROR:process_memory_win.cc(73)] ReadMemory at 0x1c537c1c770 of 132 bytes failed: Only part of a ReadProcessMemory or WriteProcessMemory request was completed. (0x12B)
[0116/170753.115:ERROR:process_memory_win.cc(73)] ReadMemory at 0x1c537c1c8a0 of 132 bytes failed: Only part of a ReadProcessMemory or WriteProcessMemory request was completed. (0x12B)
[0116/170753.115:ERROR:process_memory_win.cc(73)] ReadMemory at 0x1c537c1c9d0 of 132 bytes failed: Only part of a ReadProcessMemory or WriteProcessMemory request was completed. (0x12B)
[0116/170753.115:ERROR:process_memory_win.cc(73)] ReadMemory at 0x1c537c1cb00 of 132 bytes failed: Only part of a ReadProcessMemory or WriteProcessMemory request was completed. (0x12B)
[0116/170753.115:ERROR:process_memory_win.cc(73)] ReadMemory at 0x1c537c1f5a0 of 132 bytes failed: Only part of a ReadProcessMemory or WriteProcessMemory request was completed. (0x12B)
[0116/170753.115:ERROR:process_memory_win.cc(73)] ReadMemory at 0x1c537c1f870 of 132 bytes failed: Only part of a ReadProcessMemory or WriteProcessMemory request was completed. (0x12B)
[0116/170753.115:ERROR:process_memory_win.cc(73)] ReadMemory at 0x1c537c21040 of 54 bytes failed: Only part of a ReadProcessMemory or WriteProcessMemory request was completed. (0x12B)
[0116/170753.115:ERROR:process_memory_win.cc(73)] ReadMemory at 0x1c537c22ec0 of 132 bytes failed: Only part of a ReadProcessMemory or WriteProcessMemory request was completed. (0x12B)
[0116/170753.115:ERROR:process_memory_win.cc(73)] ReadMemory at 0x1c537c22ff0 of 132 bytes failed: Only part of a ReadProcessMemory or WriteProcessMemory request was completed. (0x12B)
[0116/170753.115:ERROR:process_memory_win.cc(73)] ReadMemory at 0x1c537c25d60 of 132 bytes failed: Only part of a ReadProcessMemory or WriteProcessMemory request was completed. (0x12B)
[0116/170753.115:ERROR:process_memory_win.cc(73)] ReadMemory at 0x1c537c25e90 of 132 bytes failed: Only part of a ReadProcessMemory or WriteProcessMemory request was completed. (0x12B)
[0116/170753.115:ERROR:process_memory_win.cc(73)] ReadMemory at 0x1c537c260c0 of 62 bytes failed: Only part of a ReadProcessMemory or WriteProcessMemory request was completed. (0x12B)
[0116/170753.115:ERROR:process_memory_win.cc(73)] ReadMemory at 0x1c537c261b0 of 62 bytes failed: Only part of a ReadProcessMemory or WriteProcessMemory request was completed. (0x12B)
[0116/170753.115:ERROR:process_memory_win.cc(73)] ReadMemory at 0x1c537c26250 of 64 bytes failed: Only part of a ReadProcessMemory or WriteProcessMemory request was completed. (0x12B)
[0116/170753.115:ERROR:process_memory_win.cc(73)] ReadMemory at 0x1c537c262a0 of 66 bytes failed: Only part of a ReadProcessMemory or WriteProcessMemory request was completed. (0x12B)
[0116/170753.115:ERROR:process_memory_win.cc(73)] ReadMemory at 0x1c537c26390 of 62 bytes failed: Only part of a ReadProcessMemory or WriteProcessMemory request was completed. (0x12B)
[0116/170753.115:ERROR:process_memory_win.cc(73)] ReadMemory at 0x1c537c263e0 of 60 bytes failed: Only part of a ReadProcessMemory or WriteProcessMemory request was completed. (0x12B)
[0116/170753.115:ERROR:process_memory_win.cc(73)] ReadMemory at 0x1c537c26430 of 64 bytes failed: Only part of a ReadProcessMemory or WriteProcessMemory request was completed. (0x12B)
[0116/170753.115:ERROR:process_memory_win.cc(73)] ReadMemory at 0x1c537c26570 of 60 bytes failed: Only part of a ReadProcessMemory or WriteProcessMemory request was completed. (0x12B)
[0116/170753.115:ERROR:process_memory_win.cc(73)] ReadMemory at 0x1c537c26840 of 60 bytes failed: Only part of a ReadProcessMemory or WriteProcessMemory request was completed. (0x12B)
[0116/170753.115:ERROR:process_memory_win.cc(73)] ReadMemory at 0x1c537c26890 of 62 bytes failed: Only part of a ReadProcessMemory or WriteProcessMemory request was completed. (0x12B)
[0116/170753.115:ERROR:process_memory_win.cc(73)] ReadMemory at 0x1c537c268e0 of 64 bytes failed: Only part of a ReadProcessMemory or WriteProcessMemory request was completed. (0x12B)
[0116/170753.119:ERROR:process_memory_win.cc(73)] ReadMemory at 0x1c537c269d0 of 58 bytes failed: Only part of a ReadProcessMemory or WriteProcessMemory request was completed. (0x12B)
[0116/170753.119:ERROR:process_memory_win.cc(73)] ReadMemory at 0x1c537c26b10 of 64 bytes failed: Only part of a ReadProcessMemory or WriteProcessMemory request was completed. (0x12B)
[0116/170753.119:ERROR:process_memory_win.cc(73)] ReadMemory at 0x1c537c26b60 of 62 bytes failed: Only part of a ReadProcessMemory or WriteProcessMemory request was completed. (0x12B)
[0116/170753.119:ERROR:process_memory_win.cc(73)] ReadMemory at 0x1c537c26c00 of 62 bytes failed: Only part of a ReadProcessMemory or WriteProcessMemory request was completed. (0x12B)
[0116/170753.119:ERROR:process_memory_win.cc(73)] ReadMemory at 0x1c537c26c50 of 62 bytes failed: Only part of a ReadProcessMemory or WriteProcessMemory request was completed. (0x12B)
[0116/170753.119:ERROR:process_memory_win.cc(73)] ReadMemory at 0x1c537c26cf0 of 60 bytes failed: Only part of a ReadProcessMemory or WriteProcessMemory request was completed. (0x12B)
[0116/170753.119:ERROR:process_memory_win.cc(73)] ReadMemory at 0x1c537c26ed0 of 62 bytes failed: Only part of a ReadProcessMemory or WriteProcessMemory request was completed. (0x12B)
[0116/170753.119:ERROR:process_memory_win.cc(73)] ReadMemory at 0x1c537c27390 of 78 bytes failed: Only part of a ReadProcessMemory or WriteProcessMemory request was completed. (0x12B)
[0116/170753.119:ERROR:process_memory_win.cc(73)] ReadMemory at 0x1c537c278d0 of 76 bytes failed: Only part of a ReadProcessMemory or WriteProcessMemory request was completed. (0x12B)
[0116/170753.119:ERROR:process_memory_win.cc(73)] ReadMemory at 0x1c537c28650 of 132 bytes failed: Only part of a ReadProcessMemory or WriteProcessMemory request was completed. (0x12B)
[0116/170753.119:ERROR:process_memory_win.cc(73)] ReadMemory at 0x1c537c28780 of 132 bytes failed: Only part of a ReadProcessMemory or WriteProcessMemory request was completed. (0x12B)
[0116/170753.119:ERROR:process_memory_win.cc(73)] ReadMemory at 0x1c537c288b0 of 132 bytes failed: Only part of a ReadProcessMemory or WriteProcessMemory request was completed. (0x12B)
[0116/170753.119:ERROR:process_memory_win.cc(73)] ReadMemory at 0x1c537c289e0 of 132 bytes failed: Only part of a ReadProcessMemory or WriteProcessMemory request was completed. (0x12B)
[0116/170753.119:ERROR:process_memory_win.cc(73)] ReadMemory at 0x1c537c28ea0 of 132 bytes failed: Only part of a ReadProcessMemory or WriteProcessMemory request was completed. (0x12B)
[0116/170753.119:ERROR:process_memory_win.cc(73)] ReadMemory at 0x1c537c29100 of 132 bytes failed: Only part of a ReadProcessMemory or WriteProcessMemory request was completed. (0x12B)
[0116/170753.119:ERROR:process_memory_win.cc(73)] ReadMemory at 0x1c537c29490 of 132 bytes failed: Only part of a ReadProcessMemory or WriteProcessMemory request was completed. (0x12B)
[0116/170753.119:ERROR:process_memory_win.cc(73)] ReadMemory at 0x1c537c295c0 of 132 bytes failed: Only part of a ReadProcessMemory or WriteProcessMemory request was completed. (0x12B)
[0116/170753.119:ERROR:process_memory_win.cc(73)] ReadMemory at 0x1c537c296f0 of 132 bytes failed: Only part of a ReadProcessMemory or WriteProcessMemory request was completed. (0x12B)
[0116/170753.119:ERROR:process_memory_win.cc(73)] ReadMemory at 0x1c537c29820 of 132 bytes failed: Only part of a ReadProcessMemory or WriteProcessMemory request was completed. (0x12B)
[0116/170753.119:ERROR:process_memory_win.cc(73)] ReadMemory at 0x1c537c29950 of 132 bytes failed: Only part of a ReadProcessMemory or WriteProcessMemory request was completed. (0x12B)
[0116/170753.119:ERROR:process_memory_win.cc(73)] ReadMemory at 0x1c537c29a80 of 132 bytes failed: Only part of a ReadProcessMemory or WriteProcessMemory request was completed. (0x12B)
[0116/170753.119:ERROR:process_memory_win.cc(73)] ReadMemory at 0x1c537c29ce0 of 132 bytes failed: Only part of a ReadProcessMemory or WriteProcessMemory request was completed. (0x12B)
[0116/170753.119:ERROR:process_memory_win.cc(73)] ReadMemory at 0x1c537c29e10 of 132 bytes failed: Only part of a ReadProcessMemory or WriteProcessMemory request was completed. (0x12B)
[0116/170753.119:ERROR:process_memory_win.cc(73)] ReadMemory at 0x1c537c29f40 of 132 bytes failed: Only part of a ReadProcessMemory or WriteProcessMemory request was completed. (0x12B)
[0116/170753.119:ERROR:process_memory_win.cc(73)] ReadMemory at 0x1c537c2a070 of 132 bytes failed: Only part of a ReadProcessMemory or WriteProcessMemory request was completed. (0x12B)
[0116/170753.119:ERROR:process_memory_win.cc(73)] ReadMemory at 0x1c537c2a1a0 of 132 bytes failed: Only part of a ReadProcessMemory or WriteProcessMemory request was completed. (0x12B)
[0116/170753.119:ERROR:process_memory_win.cc(73)] ReadMemory at 0x1c537c2a2d0 of 132 bytes failed: Only part of a ReadProcessMemory or WriteProcessMemory request was completed. (0x12B)
[0116/170753.119:ERROR:process_memory_win.cc(73)] ReadMemory at 0x1c537c2a400 of 132 bytes failed: Only part of a ReadProcessMemory or WriteProcessMemory request was completed. (0x12B)
[0116/170753.119:ERROR:process_memory_win.cc(73)] ReadMemory at 0x1c537c34ed0 of 66 bytes failed: Only part of a ReadProcessMemory or WriteProcessMemory request was completed. (0x12B)
[0116/170753.119:ERROR:process_memory_win.cc(73)] ReadMemory at 0x1c537c351a0 of 62 bytes failed: Only part of a ReadProcessMemory or WriteProcessMemory request was completed. (0x12B)
[0116/170753.119:ERROR:process_memory_win.cc(73)] ReadMemory at 0x1c537c35330 of 58 bytes failed: Only part of a ReadProcessMemory or WriteProcessMemory request was completed. (0x12B)
[0116/170753.119:ERROR:process_memory_win.cc(73)] ReadMemory at 0x1c537c35420 of 60 bytes failed: Only part of a ReadProcessMemory or WriteProcessMemory request was completed. (0x12B)
[0116/170753.119:ERROR:process_memory_win.cc(73)] ReadMemory at 0x1c537c356f0 of 64 bytes failed: Only part of a ReadProcessMemory or WriteProcessMemory request was completed. (0x12B)
[0116/170753.119:ERROR:process_memory_win.cc(73)] ReadMemory at 0x1c537c357e0 of 62 bytes failed: Only part of a ReadProcessMemory or WriteProcessMemory request was completed. (0x12B)
[0116/170753.119:ERROR:process_memory_win.cc(73)] ReadMemory at 0x1c537c35920 of 58 bytes failed: Only part of a ReadProcessMemory or WriteProcessMemory request was completed. (0x12B)
[0116/170753.119:ERROR:process_memory_win.cc(73)] ReadMemory at 0x1c537c35a10 of 62 bytes failed: Only part of a ReadProcessMemory or WriteProcessMemory request was completed. (0x12B)
[0116/170753.119:ERROR:process_memory_win.cc(73)] ReadMemory at 0x1c537c35ce0 of 60 bytes failed: Only part of a ReadProcessMemory or WriteProcessMemory request was completed. (0x12B)
[0116/170753.119:ERROR:process_memory_win.cc(73)] ReadMemory at 0x1c537c41a80 of 512 bytes failed: Only part of a ReadProcessMemory or WriteProcessMemory request was completed. (0x12B)
[0116/170753.119:ERROR:process_memory_win.cc(73)] ReadMemory at 0x1c537c483f0 of 512 bytes failed: Only part of a ReadProcessMemory or WriteProcessMemory request was completed. (0x12B)
[0116/170753.119:ERROR:process_memory_win.cc(73)] ReadMemory at 0x1c537e17b30 of 512 bytes failed: Only part of a ReadProcessMemory or WriteProcessMemory request was completed. (0x12B)
[0116/170753.119:ERROR:process_memory_win.cc(73)] ReadMemory at 0x1c537e17e30 of 512 bytes failed: Only part of a ReadProcessMemory or WriteProcessMemory request was completed. (0x12B)
[0116/170753.123:ERROR:process_memory_win.cc(73)] ReadMemory at 0x1c537e20f90 of 512 bytes failed: Only part of a ReadProcessMemory or WriteProcessMemory request was completed. (0x12B)
[0116/170753.123:ERROR:process_memory_win.cc(73)] ReadMemory at 0x1c537e2e2e0 of 1056 bytes failed: Only part of a ReadProcessMemory or WriteProcessMemory request was completed. (0x12B)
[0116/170753.123:ERROR:process_memory_win.cc(73)] ReadMemory at 0x1c537e3a338 of 512 bytes failed: Only part of a ReadProcessMemory or WriteProcessMemory request was completed. (0x12B)
[0116/170753.123:ERROR:process_memory_win.cc(73)] ReadMemory at 0x1c537e412f0 of 512 bytes failed: Only part of a ReadProcessMemory or WriteProcessMemory request was completed. (0x12B)
[0116/170753.123:ERROR:process_memory_win.cc(73)] ReadMemory at 0x1c53a008428 of 800 bytes failed: Only part of a ReadProcessMemory or WriteProcessMemory request was completed. (0x12B)
[0116/170753.123:ERROR:process_memory_win.cc(73)] ReadMemory at 0x1c53a01f0b0 of 552 bytes failed: Only part of a ReadProcessMemory or WriteProcessMemory request was completed. (0x12B)
[0116/170753.123:ERROR:process_memory_win.cc(73)] ReadMemory at 0x1c53a064290 of 512 bytes failed: Only part of a ReadProcessMemory or WriteProcessMemory request was completed. (0x12B)
[0116/170753.123:ERROR:process_memory_win.cc(73)] ReadMemory at 0x1c53a07ba80 of 512 bytes failed: Only part of a ReadProcessMemory or WriteProcessMemory request was completed. (0x12B)
[0116/170753.123:ERROR:process_memory_win.cc(73)] ReadMemory at 0x1c53a0e1d10 of 512 bytes failed: Only part of a ReadProcessMemory or WriteProcessMemory request was completed. (0x12B)
[0116/170753.123:ERROR:process_memory_win.cc(73)] ReadMemory at 0x1c53a15bc30 of 512 bytes failed: Only part of a ReadProcessMemory or WriteProcessMemory request was completed. (0x12B)
[0116/170753.123:ERROR:process_memory_win.cc(73)] ReadMemory at 0x1c53a160aa0 of 512 bytes failed: Only part of a ReadProcessMemory or WriteProcessMemory request was completed. (0x12B)
[0116/170753.123:ERROR:process_memory_win.cc(73)] ReadMemory at 0x1c53a19faa0 of 512 bytes failed: Only part of a ReadProcessMemory or WriteProcessMemory request was completed. (0x12B)
[0116/170753.123:ERROR:process_memory_win.cc(73)] ReadMemory at 0x7bdefee497e8 of 512 bytes failed: Only part of a ReadProcessMemory or WriteProcessMemory request was completed. (0x12B)
[0116/170753.123:ERROR:process_memory_win.cc(73)] ReadMemory at 0x7ffe18530000 of 384 bytes failed: Only part of a ReadProcessMemory or WriteProcessMemory request was completed. (0x12B)
[0116/170753.123:ERROR:process_memory_win.cc(73)] ReadMemory at 0x7ffe192f460c of 512 bytes failed: Only part of a ReadProcessMemory or WriteProcessMemory request was completed. (0x12B)
[0116/170753.123:ERROR:process_memory_win.cc(73)] ReadMemory at 0x7ffe19feee90 of 652 bytes failed: Only part of a ReadProcessMemory or WriteProcessMemory request was completed. (0x12B)
[0116/170753.123:ERROR:process_memory_win.cc(73)] ReadMemory at 0x7ffe1added41 of 512 bytes failed: Only part of a ReadProcessMemory or WriteProcessMemory request was completed. (0x12B)
[0116/170753.123:ERROR:process_memory_win.cc(73)] ReadMemory at 0x7ffe1d5c5450 of 512 bytes failed: Only part of a ReadProcessMemory or WriteProcessMemory request was completed. (0x12B)
[0116/170753.123:ERROR:process_memory_win.cc(73)] ReadMemory at 0x7ffe1d8a7848 of 512 bytes failed: Only part of a ReadProcessMemory or WriteProcessMemory request was completed. (0x12B)
[0116/170753.123:ERROR:process_memory_win.cc(73)] ReadMemory at 0x7ffe5a7fff00 of 512 bytes failed: Only part of a ReadProcessMemory or WriteProcessMemory request was completed. (0x12B)
[0116/170753.123:ERROR:process_memory_win.cc(73)] ReadMemory at 0x7ffe5a81a1d0 of 512 bytes failed: Only part of a ReadProcessMemory or WriteProcessMemory request was completed. (0x12B)
[0116/170753.123:ERROR:process_memory_win.cc(73)] ReadMemory at 0x7ffe5a84f764 of 672 bytes failed: Only part of a ReadProcessMemory or WriteProcessMemory request was completed. (0x12B)
[0116/170753.123:ERROR:process_memory_win.cc(73)] ReadMemory at 0x7ffe5a84fd64 of 512 bytes failed: Only part of a ReadProcessMemory or WriteProcessMemory request was completed. (0x12B)
[0116/170753.123:ERROR:process_memory_win.cc(73)] ReadMemory at 0x7ffe5a852ff4 of 608 bytes failed: Only part of a ReadProcessMemory or WriteProcessMemory request was completed. (0x12B)
[0116/170753.123:ERROR:process_memory_win.cc(73)] ReadMemory at 0x7ffe5a8dc0c8 of 18 bytes failed: Only part of a ReadProcessMemory or WriteProcessMemory request was completed. (0x12B)
[0116/170753.123:ERROR:process_memory_win.cc(73)] ReadMemory at 0x7ffe5a90f4f8 of 40 bytes failed: Only part of a ReadProcessMemory or WriteProcessMemory request was completed. (0x12B)
[0116/170753.123:ERROR:process_memory_win.cc(73)] ReadMemory at 0x7ffe5a90f978 of 48 bytes failed: Only part of a ReadProcessMemory or WriteProcessMemory request was completed. (0x12B)
[0116/170753.123:ERROR:process_memory_win.cc(73)] ReadMemory at 0x7ffe5a9153a0 of 64 bytes failed: Only part of a ReadProcessMemory or WriteProcessMemory request was completed. (0x12B)
[0116/170753.127:ERROR:scoped_process_suspend.cc(40)] NtResumeProcess: An attempt was made to access an exiting process. (0xc000010a)
